<?xml version="1.0" encoding="UTF-8" ?>
<testsuite tests="7" failures="0" name="cucumber.examples.java.calculator.RunCukesTest" time="198.28" errors="1" skipped="0">
  <properties>
[...]
</properties>
  <testcase classname="Pruebas critidad: Obligatorio" name="Test 01 - Validar la lista desplegable del combo" time="26.006"/>
  <testcase classname="Pruebas critidad: Obligatorio" name="Test 02 - Validar comportamiento de la pantalla" time="19.418"/>
  <testcase classname="Pruebas critidad: Obligatorio" name="Test 03 - Validar Buscador de Entidades segun criterio" time="17.518"/>
  <testcase classname="Pruebas critidad: Obligatorio" name="Test 04 - Segun criterio de busqueda Descripcion" time="18.779"/>
  <testcase classname="Pruebas critidad: Obligatorio" name="Test 05 - Validar Funcionamiento de la Pantalla de" time="22.932"/>
  <testcase classname="Pruebas critidad: Obligatorio" name="Test 07 - Validar comportamiento de la pantalla segun" time="18.197"/>
  <testcase classname="Feature: Pruebas critidad: Obligatorio" name="Feature: Pruebas critidad: Obligatorio" time="74.682">
    <error type="java.lang.NullPointerException">java.lang.NullPointerException
	at java.util.regex.Matcher.getTextLength(Matcher.java:1283)
	at java.util.regex.Matcher.reset(Matcher.java:309)
	at java.util.regex.Matcher.&lt;init&gt;(Matcher.java:229)
	at java.util.regex.Pattern.matcher(Pattern.java:1093)
	at com.aventstack.extentreports.utils.ExceptionUtil.getExceptionHeadline(ExceptionUtil.java:25)
	at com.aventstack.extentreports.model.ExceptionInfo.&lt;init&gt;(ExceptionInfo.java:19)
	at com.aventstack.extentreports.ExtentTest.log(ExtentTest.java:405)
	at com.aventstack.extentreports.ExtentTest.skip(ExtentTest.java:947)
	at com.aventstack.extentreports.ExtentTest.skip(ExtentTest.java:959)
	at com.aventstack.extentreports.cucumber.adapter.ExtentCucumberAdapter.createResultMap(ExtentCucumberAdapter.java:401)
	at com.aventstack.extentreports.cucumber.adapter.ExtentCucumberAdapter.handleTestStepFinished(ExtentCucumberAdapter.java:146)
	at com.aventstack.extentreports.cucumber.adapter.ExtentCucumberAdapter.access$3(ExtentCucumberAdapter.java:143)
	at com.aventstack.extentreports.cucumber.adapter.ExtentCucumberAdapter$4.receive(ExtentCucumberAdapter.java:85)
	at com.aventstack.extentreports.cucumber.adapter.ExtentCucumberAdapter$4.receive(ExtentCucumberAdapter.java:1)
	at cucumber.runner.EventBus.send(EventBus.java:28)
	at cucumber.api.TestStep.run(TestStep.java:90)
	at cucumber.api.TestCase.run(TestCase.java:58)
	at cucumber.runner.Runner.runPickle(Runner.java:80)
	at cucumber.runtime.junit.PickleRunners$NoStepDescriptions.run(PickleRunners.java:140)
	at cucumber.runtime.junit.FeatureRunner.runChild(FeatureRunner.java:68)
	at cucumber.runtime.junit.FeatureRunner.runChild(FeatureRunner.java:23)
	at org.junit.runners.ParentRunner$3.run(ParentRunner.java:290)
	at org.junit.runners.ParentRunner$1.schedule(ParentRunner.java:71)
	at org.junit.runners.ParentRunner.runChildren(ParentRunner.java:288)
	at org.junit.runners.ParentRunner.access$000(ParentRunner.java:58)
	at org.junit.runners.ParentRunner$2.evaluate(ParentRunner.java:268)
	at org.junit.runners.ParentRunner.run(ParentRunner.java:363)
	at cucumber.runtime.junit.FeatureRunner.run(FeatureRunner.java:73)
	at cucumber.api.junit.Cucumber.runChild(Cucumber.java:117)
	at cucumber.api.junit.Cucumber.runChild(Cucumber.java:55)
	at org.junit.runners.ParentRunner$3.run(ParentRunner.java:290)
	at org.junit.runners.ParentRunner$1.schedule(ParentRunner.java:71)
	at org.junit.runners.ParentRunner.runChildren(ParentRunner.java:288)
	at org.junit.runners.ParentRunner.access$000(ParentRunner.java:58)
	at org.junit.runners.ParentRunner$2.evaluate(ParentRunner.java:268)
	at cucumber.api.junit.Cucumber$1.evaluate(Cucumber.java:126)
	at org.junit.runners.ParentRunner.run(ParentRunner.java:363)
	at org.apache.maven.surefire.junit4.JUnit4TestSet.execute(JUnit4TestSet.java:53)
	at org.apache.maven.surefire.junit4.JUnit4Provider.executeTestSet(JUnit4Provider.java:123)
	at org.apache.maven.surefire.junit4.JUnit4Provider.invoke(JUnit4Provider.java:104)
	at sun.reflect.NativeMethodAccessorImpl.invoke0(Native Method)
	at sun.reflect.NativeMethodAccessorImpl.invoke(NativeMethodAccessorImpl.java:62)
	at sun.reflect.DelegatingMethodAccessorImpl.invoke(DelegatingMethodAccessorImpl.java:43)
	at java.lang.reflect.Method.invoke(Method.java:498)
	at org.apache.maven.surefire.util.ReflectionUtils.invokeMethodWithArray(ReflectionUtils.java:164)
	at org.apache.maven.surefire.booter.ProviderFactory$ProviderProxy.invoke(ProviderFactory.java:110)
	at org.apache.maven.surefire.booter.SurefireStarter.invokeProvider(SurefireStarter.java:175)
	at org.apache.maven.surefire.booter.SurefireStarter.runSuitesInProcessWhenForked(SurefireStarter.java:107)
	at org.apache.maven.surefire.booter.ForkedBooter.main(ForkedBooter.java:68)
</error>
    <system-err>Starting ChromeDriver 75.0.3770.140 (2d9f97485c7b07dc18a74666574f19176731995c-refs/branch-heads/3770@{#1155}) on port 13991
Only local connections are allowed.
Please protect ports used by ChromeDriver and related test frameworks to prevent access by malicious code.
Jul 25, 2019 6:22:23 PM org.openqa.selenium.remote.ProtocolHandshake createSession
INFO: Detected dialect: W3C
</system-err>
  </testcase>
</testsuite>